Using pre-set license
Built from '2021.3/staging' branch; Version is '2021.3.19f1 (c9714fde33b6) revision 13201743'; Using compiler version '192829333'; Build Type 'Release'
OS: 'Windows 10  (10.0.19045) 64bit Core' Language: 'en' Physical Memory: 16332 MB
BatchMode: 1, IsHumanControllingUs: 0, StartBugReporterOnCrash: 0, Is64bit: 1, IsPro: 1

COMMAND LINE ARGUMENTS:
D:\Unity\2021.3.19f1\Editor\Unity.exe
-adb2
-batchMode
-noUpm
-name
AssetImportWorker0
-projectPath
D:/Repos/Proyecto_TSIC_2/Haber
-logFile
Logs/AssetImportWorker0.log
-srvPort
57298
Successfully changed project path to: D:/Repos/Proyecto_TSIC_2/Haber
D:/Repos/Proyecto_TSIC_2/Haber
[UnityMemory] Configuration Parameters - Can be set up in boot.config
    "memorysetup-bucket-allocator-granularity=16"
    "memorysetup-bucket-allocator-bucket-count=8"
    "memorysetup-bucket-allocator-block-size=33554432"
    "memorysetup-bucket-allocator-block-count=8"
    "memorysetup-main-allocator-block-size=16777216"
    "memorysetup-thread-allocator-block-size=16777216"
    "memorysetup-gfx-main-allocator-block-size=16777216"
    "memorysetup-gfx-thread-allocator-block-size=16777216"
    "memorysetup-cache-allocator-block-size=4194304"
    "memorysetup-typetree-allocator-block-size=2097152"
    "memorysetup-profiler-bucket-allocator-granularity=16"
    "memorysetup-profiler-bucket-allocator-bucket-count=8"
    "memorysetup-profiler-bucket-allocator-block-size=33554432"
    "memorysetup-profiler-bucket-allocator-block-count=8"
    "memorysetup-profiler-allocator-block-size=16777216"
    "memorysetup-profiler-editor-allocator-block-size=1048576"
    "memorysetup-temp-allocator-size-main=16777216"
    "memorysetup-job-temp-allocator-block-size=2097152"
    "memorysetup-job-temp-allocator-block-size-background=1048576"
    "memorysetup-job-temp-allocator-reduction-small-platforms=262144"
    "memorysetup-temp-allocator-size-background-worker=32768"
    "memorysetup-temp-allocator-size-job-worker=262144"
    "memorysetup-temp-allocator-size-preload-manager=33554432"
    "memorysetup-temp-allocator-size-nav-mesh-worker=65536"
    "memorysetup-temp-allocator-size-audio-worker=65536"
    "memorysetup-temp-allocator-size-cloud-worker=32768"
    "memorysetup-temp-allocator-size-gi-baking-worker=262144"
    "memorysetup-temp-allocator-size-gfx=262144"
Player connection [13868] Host "[IP] 192.168.0.5 [Port] 0 [Flags] 2 [Guid] 74524224 [EditorId] 74524224 [Version] 1048832 [Id] WindowsEditor(7,DESKTOP-H42572R) [Debug] 1 [PackageName] WindowsEditor [ProjectName] Editor" joined multi-casting on [225.0.0.222:54997]...

Player connection [13868] Host "[IP] 192.168.0.5 [Port] 0 [Flags] 2 [Guid] 74524224 [EditorId] 74524224 [Version] 1048832 [Id] WindowsEditor(7,DESKTOP-H42572R) [Debug] 1 [PackageName] WindowsEditor [ProjectName] Editor" joined alternative multi-casting on [225.0.0.222:34997]...

Refreshing native plugins compatible for Editor in 91.77 ms, found 3 plugins.
Preloading 0 native plugins for Editor in 0.00 ms.
Initialize engine version: 2021.3.19f1 (c9714fde33b6)
[Subsystems] Discovering subsystems at path D:/Unity/2021.3.19f1/Editor/Data/Resources/UnitySubsystems
[Subsystems] Discovering subsystems at path D:/Repos/Proyecto_TSIC_2/Haber/Assets
GfxDevice: creating device client; threaded=0; jobified=0
Direct3D:
    Version:  Direct3D 11.0 [level 11.1]
    Renderer: AMD Radeon RX 5700 (ID=0x731f)
    Vendor:   ATI
    VRAM:     8151 MB
    Driver:   31.0.14057.2005
Initialize mono
Mono path[0] = 'D:/Unity/2021.3.19f1/Editor/Data/Managed'
Mono path[1] = 'D:/Unity/2021.3.19f1/Editor/Data/MonoBleedingEdge/lib/mono/unityjit-win32'
Mono config path = 'D:/Unity/2021.3.19f1/Editor/Data/MonoBleedingEdge/etc'
Using monoOptions --debugger-agent=transport=dt_socket,embedding=1,server=y,suspend=n,address=127.0.0.1:56472
Begin MonoManager ReloadAssembly
Registering precompiled unity dll's ...
Register platform support module: D:/Unity/2021.3.19f1/Editor/Data/PlaybackEngines/AndroidPlayer/UnityEditor.Android.Extensions.dll
Register platform support module: D:/Unity/2021.3.19f1/Editor/Data/PlaybackEngines/WindowsStandaloneSupport/UnityEditor.WindowsStandalone.Extensions.dll
Registered in 0.005702 seconds.
Native extension for WindowsStandalone target not found
Native extension for Android target not found
Android Extension - Scanning For ADB Devices 373 ms
Refreshing native plugins compatible for Editor in 85.93 ms, found 3 plugins.
Preloading 0 native plugins for Editor in 0.00 ms.
Mono: successfully reloaded assembly
- Completed reload, in  1.178 seconds
Domain Reload Profiling:
	ReloadAssembly (1179ms)
		BeginReloadAssembly (118ms)
			ExecutionOrderSort (0ms)
			DisableScriptedObjects (0ms)
			BackupInstance (0ms)
			ReleaseScriptingObjects (0ms)
			CreateAndSetChildDomain (1ms)
		EndReloadAssembly (927ms)
			LoadAssemblies (118ms)
			RebuildTransferFunctionScriptingTraits (0ms)
			SetupTypeCache (132ms)
			ReleaseScriptCaches (0ms)
			RebuildScriptCaches (33ms)
			SetupLoadedEditorAssemblies (698ms)
				LogAssemblyErrors (0ms)
				InitializePlatformSupportModulesInManaged (449ms)
				SetLoadedEditorAssemblies (0ms)
				RefreshPlugins (86ms)
				BeforeProcessingInitializeOnLoad (2ms)
				ProcessInitializeOnLoadAttributes (108ms)
				ProcessInitializeOnLoadMethodAttributes (53ms)
				AfterProcessingInitializeOnLoad (0ms)
				EditorAssembliesLoaded (0ms)
			ExecutionOrderSort2 (0ms)
			AwakeInstancesAfterBackupRestoration (0ms)
Platform modules already initialized, skipping
Registering precompiled user dll's ...
Registered in 0.007330 seconds.
Begin MonoManager ReloadAssembly
Symbol file LoadedFromMemory doesn't match image D:\Repos\Proyecto_TSIC_2\Haber\Library\PackageCache\com.unity.visualscripting@1.8.0\Editor\VisualScripting.Core\Dependencies\YamlDotNet\Unity.VisualScripting.YamlDotNet.dll
Symbol file LoadedFromMemory doesn't match image D:\Repos\Proyecto_TSIC_2\Haber\Library\PackageCache\com.unity.visualscripting@1.8.0\Editor\VisualScripting.Core\Dependencies\DotNetZip\Unity.VisualScripting.IonicZip.dll
Native extension for WindowsStandalone target not found
Native extension for Android target not found
Refreshing native plugins compatible for Editor in 0.59 ms, found 3 plugins.
Preloading 0 native plugins for Editor in 0.00 ms.
Mono: successfully reloaded assembly
- Completed reload, in  1.268 seconds
Domain Reload Profiling:
	ReloadAssembly (1269ms)
		BeginReloadAssembly (171ms)
			ExecutionOrderSort (0ms)
			DisableScriptedObjects (7ms)
			BackupInstance (0ms)
			ReleaseScriptingObjects (0ms)
			CreateAndSetChildDomain (24ms)
		EndReloadAssembly (954ms)
			LoadAssemblies (151ms)
			RebuildTransferFunctionScriptingTraits (0ms)
			SetupTypeCache (326ms)
			ReleaseScriptCaches (1ms)
			RebuildScriptCaches (70ms)
			SetupLoadedEditorAssemblies (395ms)
				LogAssemblyErrors (0ms)
				InitializePlatformSupportModulesInManaged (19ms)
				SetLoadedEditorAssemblies (0ms)
				RefreshPlugins (1ms)
				BeforeProcessingInitializeOnLoad (93ms)
				ProcessInitializeOnLoadAttributes (254ms)
				ProcessInitializeOnLoadMethodAttributes (22ms)
				AfterProcessingInitializeOnLoad (5ms)
				EditorAssembliesLoaded (0ms)
			ExecutionOrderSort2 (0ms)
			AwakeInstancesAfterBackupRestoration (7ms)
Platform modules already initialized, skipping
========================================================================
Worker process is ready to serve import requests
Launched and connected shader compiler UnityShaderCompiler.exe after 0.06 seconds
Refreshing native plugins compatible for Editor in 0.61 ms, found 3 plugins.
Preloading 0 native plugins for Editor in 0.00 ms.
Unloading 3047 Unused Serialized files (Serialized files now loaded: 0)
Unloading 24 unused Assets / (113.8 KB). Loaded Objects now: 3509.
Memory consumption went from 107.5 MB to 107.4 MB.
Total: 3.407800 ms (FindLiveObjects: 0.301900 ms CreateObjectMapping: 0.085300 ms MarkObjects: 2.902300 ms  DeleteObjects: 0.117400 ms)

AssetImportParameters requested are different than current active one (requested -> active):
  custom:video-decoder-ogg-theora: a1e56fd34408186e4bbccfd4996cb3dc -> 
  custom:container-muxer-webm: aa71ff27fc2769a1b78a27578f13a17b -> 
  custom:container-demuxer-webm: 4f35f7cbe854078d1ac9338744f61a02 -> 
  custom:video-encoder-webm-vp8: eb34c28f22e8b96e1ab97ce403110664 -> 
  custom:audio-encoder-webm-vorbis: bf7c407c2cedff20999df2af8eb42d56 -> 
  custom:framework-win-MediaFoundation: 216162199b28c13a410421893ffa2e32 -> 
  custom:container-demuxer-ogg: 62fdf1f143b41e24485cea50d1cbac27 -> 
  custom:video-decoder-webm-vp8: 9c59270c3fd7afecdb556c50c9e8de78 -> 
  custom:audio-decoder-ogg-vorbis: bf7c407c2cedff20999df2af8eb42d56 -> 
========================================================================
Received Import Request.
  Time since last request: 142535.993788 seconds.
  path: Assets
  artifactKey: Guid(00000000000000001000000000000000) Importer(815301076,1909f56bfc062723c751e8b465ee728b)
Start importing Assets using Guid(00000000000000001000000000000000) Importer(815301076,1909f56bfc062723c751e8b465ee728b)  -> (artifact id: '79842766b460edbeab6a34051e857a80') in 0.014717 seconds 
========================================================================
Received Import Request.
  Time since last request: 0.573183 seconds.
  path: Assets/Models
  artifactKey: Guid(f62c5c1e6ff4eee47a5e6e73b903f14d) Importer(815301076,1909f56bfc062723c751e8b465ee728b)
Start importing Assets/Models using Guid(f62c5c1e6ff4eee47a5e6e73b903f14d) Importer(815301076,1909f56bfc062723c751e8b465ee728b)  -> (artifact id: 'f2caef0bdbe6e15b7691ace0e874ab03') in 0.009901 seconds 
========================================================================
Received Import Request.
  Time since last request: 21.788583 seconds.
  path: Assets/Models/DioGuano.blend
  artifactKey: Guid(67df895348a24c942a9a3be377b5a072) Importer(815301076,1909f56bfc062723c751e8b465ee728b)
Start importing Assets/Models/DioGuano.blend using Guid(67df895348a24c942a9a3be377b5a072) Importer(815301076,1909f56bfc062723c751e8b465ee728b)  -> (artifact id: 'ce0c0d21d4a06b3a1add843f2d46a45a') in 0.672981 seconds 
========================================================================
Received Import Request.
  Time since last request: 13.550328 seconds.
  path: Assets/Models/DioGuano.blend
  artifactKey: Guid(67df895348a24c942a9a3be377b5a072) Importer(815301076,1909f56bfc062723c751e8b465ee728b)
Start importing Assets/Models/DioGuano.blend using Guid(67df895348a24c942a9a3be377b5a072) Importer(815301076,1909f56bfc062723c751e8b465ee728b)  -> (artifact id: '631b15fdc646a0428bc5f4d67c11426c') in 0.048184 seconds 
========================================================================
Received Import Request.
  Time since last request: 0.000034 seconds.
  path: Assets/Models/stone_pebble_xs_001_preview.png
  artifactKey: Guid(ca1a908afc6544c45ab587c747ac3d1a) Importer(815301076,1909f56bfc062723c751e8b465ee728b)
Start importing Assets/Models/stone_pebble_xs_001_preview.png using Guid(ca1a908afc6544c45ab587c747ac3d1a) Importer(815301076,1909f56bfc062723c751e8b465ee728b)  -> (artifact id: 'b421fd6c9983934b45ae3651ae709acd') in 0.085008 seconds 
========================================================================
Received Import Request.
  Time since last request: 0.000026 seconds.
  path: Assets/Models/stone_pebble_xs_001_LOD0_height.png
  artifactKey: Guid(2caf52fa1d114f54abc2c39967ba0d7b) Importer(815301076,1909f56bfc062723c751e8b465ee728b)
Start importing Assets/Models/stone_pebble_xs_001_LOD0_height.png using Guid(2caf52fa1d114f54abc2c39967ba0d7b) Importer(815301076,1909f56bfc062723c751e8b465ee728b)  -> (artifact id: '2b7f6d9b98d0844ada78fca553e7bb71') in 0.017402 seconds 
========================================================================
Received Import Request.
  Time since last request: 0.000024 seconds.
  path: Assets/Models/stone_pebble_xs_001_LOD0_roughness.tif
  artifactKey: Guid(eb4779634b97e8c448475476d5ece2d4) Importer(815301076,1909f56bfc062723c751e8b465ee728b)
Start importing Assets/Models/stone_pebble_xs_001_LOD0_roughness.tif using Guid(eb4779634b97e8c448475476d5ece2d4) Importer(815301076,1909f56bfc062723c751e8b465ee728b)  -> (artifact id: '22d6e2703017a63c2d91364c0d66defc') in 0.023203 seconds 
========================================================================
Received Import Request.
  Time since last request: 0.000032 seconds.
  path: Assets/Models/TexturaPajaro.1001.png
  artifactKey: Guid(53f7bb11ecd192b48a002466f99ad3d1) Importer(815301076,1909f56bfc062723c751e8b465ee728b)
Start importing Assets/Models/TexturaPajaro.1001.png using Guid(53f7bb11ecd192b48a002466f99ad3d1) Importer(815301076,1909f56bfc062723c751e8b465ee728b)  -> (artifact id: 'caa96f90430d58699bf39d22379d2877') in 0.015192 seconds 
========================================================================
Received Import Request.
  Time since last request: 0.000018 seconds.
  path: Assets/Models/stone_pebble_xs_001_LOD0_albedo.tif
  artifactKey: Guid(af7717f57ddda92489db7870f78af9ab) Importer(815301076,1909f56bfc062723c751e8b465ee728b)
Start importing Assets/Models/stone_pebble_xs_001_LOD0_albedo.tif using Guid(af7717f57ddda92489db7870f78af9ab) Importer(815301076,1909f56bfc062723c751e8b465ee728b)  -> (artifact id: '437a26e20d77c5776e204138017a91a1') in 0.016183 seconds 
========================================================================
Received Import Request.
  Time since last request: 0.000038 seconds.
  path: Assets/Models/stone_pebble_xs_001_LOD0_normal.tif
  artifactKey: Guid(79e80393705646c42aacbbbe867f5c3f) Importer(815301076,1909f56bfc062723c751e8b465ee728b)
Start importing Assets/Models/stone_pebble_xs_001_LOD0_normal.tif using Guid(79e80393705646c42aacbbbe867f5c3f) Importer(815301076,1909f56bfc062723c751e8b465ee728b)  -> (artifact id: '39323990b5fa07f08fb64fcd1d7b4311') in 0.017408 seconds 
========================================================================
Received Import Request.
  Time since last request: 0.000026 seconds.
  path: Assets/Models/stone_pebble_xs_001_LOD0_heightPN.png
  artifactKey: Guid(531bc1be3d59b8346934001e5ec7fac4) Importer(815301076,1909f56bfc062723c751e8b465ee728b)
Start importing Assets/Models/stone_pebble_xs_001_LOD0_heightPN.png using Guid(531bc1be3d59b8346934001e5ec7fac4) Importer(815301076,1909f56bfc062723c751e8b465ee728b)  -> (artifact id: '3f7bb6584dba84062077e1457f158bf2') in 0.014715 seconds 
Editor requested this worker to shutdown with reason: Scaling down because of idle timeout
AssetImportWorker is now disconnected from the server
Process exiting
Exiting without the bug reporter. Application will terminate with return code 0